Copyright 1986-2018 Xilinx, Inc. All Rights Reserved.
-----------------------------------------------------------------------------------------------------------------------------------------------
| Tool Version : Vivado v.2018.2 (win64) Build 2258646 Thu Jun 14 20:03:12 MDT 2018
| Date         : Wed Dec 30 08:20:14 2020
| Host         : betu-nb-p1 running 64-bit major release  (build 9200)
| Command      : report_methodology -file top_methodology_drc_routed.rpt -pb top_methodology_drc_routed.pb -rpx top_methodology_drc_routed.rpx
| Design       : top
| Device       : xc7z020clg484-1
| Speed File   : -1
| Design State : Routed
-----------------------------------------------------------------------------------------------------------------------------------------------

Report Methodology

Table of Contents
-----------------
1. REPORT SUMMARY
2. REPORT DETAILS

1. REPORT SUMMARY
-----------------
            Netlist: netlist
          Floorplan: design_1
      Design limits: <entire design considered>
             Max violations: <unlimited>
             Violations found: 50
+-----------+----------+-------------------------------+------------+
| Rule      | Severity | Description                   | Violations |
+-----------+----------+-------------------------------+------------+
| TIMING-18 | Warning  | Missing input or output delay | 14         |
| TIMING-20 | Warning  | Non-clocked latch             | 36         |
+-----------+----------+-------------------------------+------------+

2. REPORT DETAILS
-----------------
TIMING-18#1 Warning
Missing input or output delay  
An output delay is missing on BLUE_O_0[0] relative to clock(s) clk_fpga_0
Related violations: <none>

TIMING-18#2 Warning
Missing input or output delay  
An output delay is missing on BLUE_O_0[1] relative to clock(s) clk_fpga_0
Related violations: <none>

TIMING-18#3 Warning
Missing input or output delay  
An output delay is missing on BLUE_O_0[2] relative to clock(s) clk_fpga_0
Related violations: <none>

TIMING-18#4 Warning
Missing input or output delay  
An output delay is missing on BLUE_O_0[3] relative to clock(s) clk_fpga_0
Related violations: <none>

TIMING-18#5 Warning
Missing input or output delay  
An output delay is missing on GREEN_O_0[0] relative to clock(s) clk_fpga_0
Related violations: <none>

TIMING-18#6 Warning
Missing input or output delay  
An output delay is missing on GREEN_O_0[1] relative to clock(s) clk_fpga_0
Related violations: <none>

TIMING-18#7 Warning
Missing input or output delay  
An output delay is missing on GREEN_O_0[2] relative to clock(s) clk_fpga_0
Related violations: <none>

TIMING-18#8 Warning
Missing input or output delay  
An output delay is missing on GREEN_O_0[3] relative to clock(s) clk_fpga_0
Related violations: <none>

TIMING-18#9 Warning
Missing input or output delay  
An output delay is missing on H_SYNC_O_0 relative to clock(s) clk_fpga_0
Related violations: <none>

TIMING-18#10 Warning
Missing input or output delay  
An output delay is missing on RED_O_0[0] relative to clock(s) clk_fpga_0
Related violations: <none>

TIMING-18#11 Warning
Missing input or output delay  
An output delay is missing on RED_O_0[1] relative to clock(s) clk_fpga_0
Related violations: <none>

TIMING-18#12 Warning
Missing input or output delay  
An output delay is missing on RED_O_0[2] relative to clock(s) clk_fpga_0
Related violations: <none>

TIMING-18#13 Warning
Missing input or output delay  
An output delay is missing on RED_O_0[3] relative to clock(s) clk_fpga_0
Related violations: <none>

TIMING-18#14 Warning
Missing input or output delay  
An output delay is missing on V_SYNC_O_0 relative to clock(s) clk_fpga_0
Related violations: <none>

TIMING-20#1 Warning
Non-clocked latch  
The latch system/bd_embVision_i/img_buffer_0/U0/img_buffer_v1_0_S00_AXI_inst/synth.img_buff_synth/DOUTB_BLUE_O_reg[4] cannot be properly analyzed as its control pin system/bd_embVision_i/img_buffer_0/U0/img_buffer_v1_0_S00_AXI_inst/synth.img_buff_synth/DOUTB_BLUE_O_reg[4]/G is not reached by a timing clock
Related violations: <none>

TIMING-20#2 Warning
Non-clocked latch  
The latch system/bd_embVision_i/img_buffer_0/U0/img_buffer_v1_0_S00_AXI_inst/synth.img_buff_synth/DOUTB_BLUE_O_reg[5] cannot be properly analyzed as its control pin system/bd_embVision_i/img_buffer_0/U0/img_buffer_v1_0_S00_AXI_inst/synth.img_buff_synth/DOUTB_BLUE_O_reg[5]/G is not reached by a timing clock
Related violations: <none>

TIMING-20#3 Warning
Non-clocked latch  
The latch system/bd_embVision_i/img_buffer_0/U0/img_buffer_v1_0_S00_AXI_inst/synth.img_buff_synth/DOUTB_BLUE_O_reg[6] cannot be properly analyzed as its control pin system/bd_embVision_i/img_buffer_0/U0/img_buffer_v1_0_S00_AXI_inst/synth.img_buff_synth/DOUTB_BLUE_O_reg[6]/G is not reached by a timing clock
Related violations: <none>

TIMING-20#4 Warning
Non-clocked latch  
The latch system/bd_embVision_i/img_buffer_0/U0/img_buffer_v1_0_S00_AXI_inst/synth.img_buff_synth/DOUTB_BLUE_O_reg[7] cannot be properly analyzed as its control pin system/bd_embVision_i/img_buffer_0/U0/img_buffer_v1_0_S00_AXI_inst/synth.img_buff_synth/DOUTB_BLUE_O_reg[7]/G is not reached by a timing clock
Related violations: <none>

TIMING-20#5 Warning
Non-clocked latch  
The latch system/bd_embVision_i/img_buffer_0/U0/img_buffer_v1_0_S00_AXI_inst/synth.img_buff_synth/DOUTB_GREEN_O_reg[4] cannot be properly analyzed as its control pin system/bd_embVision_i/img_buffer_0/U0/img_buffer_v1_0_S00_AXI_inst/synth.img_buff_synth/DOUTB_GREEN_O_reg[4]/G is not reached by a timing clock
Related violations: <none>

TIMING-20#6 Warning
Non-clocked latch  
The latch system/bd_embVision_i/img_buffer_0/U0/img_buffer_v1_0_S00_AXI_inst/synth.img_buff_synth/DOUTB_GREEN_O_reg[5] cannot be properly analyzed as its control pin system/bd_embVision_i/img_buffer_0/U0/img_buffer_v1_0_S00_AXI_inst/synth.img_buff_synth/DOUTB_GREEN_O_reg[5]/G is not reached by a timing clock
Related violations: <none>

TIMING-20#7 Warning
Non-clocked latch  
The latch system/bd_embVision_i/img_buffer_0/U0/img_buffer_v1_0_S00_AXI_inst/synth.img_buff_synth/DOUTB_GREEN_O_reg[6] cannot be properly analyzed as its control pin system/bd_embVision_i/img_buffer_0/U0/img_buffer_v1_0_S00_AXI_inst/synth.img_buff_synth/DOUTB_GREEN_O_reg[6]/G is not reached by a timing clock
Related violations: <none>

TIMING-20#8 Warning
Non-clocked latch  
The latch system/bd_embVision_i/img_buffer_0/U0/img_buffer_v1_0_S00_AXI_inst/synth.img_buff_synth/DOUTB_GREEN_O_reg[7] cannot be properly analyzed as its control pin system/bd_embVision_i/img_buffer_0/U0/img_buffer_v1_0_S00_AXI_inst/synth.img_buff_synth/DOUTB_GREEN_O_reg[7]/G is not reached by a timing clock
Related violations: <none>

TIMING-20#9 Warning
Non-clocked latch  
The latch system/bd_embVision_i/img_buffer_0/U0/img_buffer_v1_0_S00_AXI_inst/synth.img_buff_synth/DOUTB_RED_O_reg[4] cannot be properly analyzed as its control pin system/bd_embVision_i/img_buffer_0/U0/img_buffer_v1_0_S00_AXI_inst/synth.img_buff_synth/DOUTB_RED_O_reg[4]/G is not reached by a timing clock
Related violations: <none>

TIMING-20#10 Warning
Non-clocked latch  
The latch system/bd_embVision_i/img_buffer_0/U0/img_buffer_v1_0_S00_AXI_inst/synth.img_buff_synth/DOUTB_RED_O_reg[5] cannot be properly analyzed as its control pin system/bd_embVision_i/img_buffer_0/U0/img_buffer_v1_0_S00_AXI_inst/synth.img_buff_synth/DOUTB_RED_O_reg[5]/G is not reached by a timing clock
Related violations: <none>

TIMING-20#11 Warning
Non-clocked latch  
The latch system/bd_embVision_i/img_buffer_0/U0/img_buffer_v1_0_S00_AXI_inst/synth.img_buff_synth/DOUTB_RED_O_reg[6] cannot be properly analyzed as its control pin system/bd_embVision_i/img_buffer_0/U0/img_buffer_v1_0_S00_AXI_inst/synth.img_buff_synth/DOUTB_RED_O_reg[6]/G is not reached by a timing clock
Related violations: <none>

TIMING-20#12 Warning
Non-clocked latch  
The latch system/bd_embVision_i/img_buffer_0/U0/img_buffer_v1_0_S00_AXI_inst/synth.img_buff_synth/DOUTB_RED_O_reg[7] cannot be properly analyzed as its control pin system/bd_embVision_i/img_buffer_0/U0/img_buffer_v1_0_S00_AXI_inst/synth.img_buff_synth/DOUTB_RED_O_reg[7]/G is not reached by a timing clock
Related violations: <none>

TIMING-20#13 Warning
Non-clocked latch  
The latch system/bd_embVision_i/img_buffer_0/U0/img_buffer_v1_0_S00_AXI_inst/synth.img_buff_synth/ena_reg[0] cannot be properly analyzed as its control pin system/bd_embVision_i/img_buffer_0/U0/img_buffer_v1_0_S00_AXI_inst/synth.img_buff_synth/ena_reg[0]/G is not reached by a timing clock
Related violations: <none>

TIMING-20#14 Warning
Non-clocked latch  
The latch system/bd_embVision_i/img_buffer_0/U0/img_buffer_v1_0_S00_AXI_inst/synth.img_buff_synth/ena_reg[10] cannot be properly analyzed as its control pin system/bd_embVision_i/img_buffer_0/U0/img_buffer_v1_0_S00_AXI_inst/synth.img_buff_synth/ena_reg[10]/G is not reached by a timing clock
Related violations: <none>

TIMING-20#15 Warning
Non-clocked latch  
The latch system/bd_embVision_i/img_buffer_0/U0/img_buffer_v1_0_S00_AXI_inst/synth.img_buff_synth/ena_reg[11] cannot be properly analyzed as its control pin system/bd_embVision_i/img_buffer_0/U0/img_buffer_v1_0_S00_AXI_inst/synth.img_buff_synth/ena_reg[11]/G is not reached by a timing clock
Related violations: <none>

TIMING-20#16 Warning
Non-clocked latch  
The latch system/bd_embVision_i/img_buffer_0/U0/img_buffer_v1_0_S00_AXI_inst/synth.img_buff_synth/ena_reg[1] cannot be properly analyzed as its control pin system/bd_embVision_i/img_buffer_0/U0/img_buffer_v1_0_S00_AXI_inst/synth.img_buff_synth/ena_reg[1]/G is not reached by a timing clock
Related violations: <none>

TIMING-20#17 Warning
Non-clocked latch  
The latch system/bd_embVision_i/img_buffer_0/U0/img_buffer_v1_0_S00_AXI_inst/synth.img_buff_synth/ena_reg[2] cannot be properly analyzed as its control pin system/bd_embVision_i/img_buffer_0/U0/img_buffer_v1_0_S00_AXI_inst/synth.img_buff_synth/ena_reg[2]/G is not reached by a timing clock
Related violations: <none>

TIMING-20#18 Warning
Non-clocked latch  
The latch system/bd_embVision_i/img_buffer_0/U0/img_buffer_v1_0_S00_AXI_inst/synth.img_buff_synth/ena_reg[3] cannot be properly analyzed as its control pin system/bd_embVision_i/img_buffer_0/U0/img_buffer_v1_0_S00_AXI_inst/synth.img_buff_synth/ena_reg[3]/G is not reached by a timing clock
Related violations: <none>

TIMING-20#19 Warning
Non-clocked latch  
The latch system/bd_embVision_i/img_buffer_0/U0/img_buffer_v1_0_S00_AXI_inst/synth.img_buff_synth/ena_reg[4] cannot be properly analyzed as its control pin system/bd_embVision_i/img_buffer_0/U0/img_buffer_v1_0_S00_AXI_inst/synth.img_buff_synth/ena_reg[4]/G is not reached by a timing clock
Related violations: <none>

TIMING-20#20 Warning
Non-clocked latch  
The latch system/bd_embVision_i/img_buffer_0/U0/img_buffer_v1_0_S00_AXI_inst/synth.img_buff_synth/ena_reg[5] cannot be properly analyzed as its control pin system/bd_embVision_i/img_buffer_0/U0/img_buffer_v1_0_S00_AXI_inst/synth.img_buff_synth/ena_reg[5]/G is not reached by a timing clock
Related violations: <none>

TIMING-20#21 Warning
Non-clocked latch  
The latch system/bd_embVision_i/img_buffer_0/U0/img_buffer_v1_0_S00_AXI_inst/synth.img_buff_synth/ena_reg[6] cannot be properly analyzed as its control pin system/bd_embVision_i/img_buffer_0/U0/img_buffer_v1_0_S00_AXI_inst/synth.img_buff_synth/ena_reg[6]/G is not reached by a timing clock
Related violations: <none>

TIMING-20#22 Warning
Non-clocked latch  
The latch system/bd_embVision_i/img_buffer_0/U0/img_buffer_v1_0_S00_AXI_inst/synth.img_buff_synth/ena_reg[7] cannot be properly analyzed as its control pin system/bd_embVision_i/img_buffer_0/U0/img_buffer_v1_0_S00_AXI_inst/synth.img_buff_synth/ena_reg[7]/G is not reached by a timing clock
Related violations: <none>

TIMING-20#23 Warning
Non-clocked latch  
The latch system/bd_embVision_i/img_buffer_0/U0/img_buffer_v1_0_S00_AXI_inst/synth.img_buff_synth/ena_reg[8] cannot be properly analyzed as its control pin system/bd_embVision_i/img_buffer_0/U0/img_buffer_v1_0_S00_AXI_inst/synth.img_buff_synth/ena_reg[8]/G is not reached by a timing clock
Related violations: <none>

TIMING-20#24 Warning
Non-clocked latch  
The latch system/bd_embVision_i/img_buffer_0/U0/img_buffer_v1_0_S00_AXI_inst/synth.img_buff_synth/ena_reg[9] cannot be properly analyzed as its control pin system/bd_embVision_i/img_buffer_0/U0/img_buffer_v1_0_S00_AXI_inst/synth.img_buff_synth/ena_reg[9]/G is not reached by a timing clock
Related violations: <none>

TIMING-20#25 Warning
Non-clocked latch  
The latch system/bd_embVision_i/img_buffer_0/U0/img_buffer_v1_0_S00_AXI_inst/synth.img_buff_synth/enb_reg[0] cannot be properly analyzed as its control pin system/bd_embVision_i/img_buffer_0/U0/img_buffer_v1_0_S00_AXI_inst/synth.img_buff_synth/enb_reg[0]/G is not reached by a timing clock
Related violations: <none>

TIMING-20#26 Warning
Non-clocked latch  
The latch system/bd_embVision_i/img_buffer_0/U0/img_buffer_v1_0_S00_AXI_inst/synth.img_buff_synth/enb_reg[10] cannot be properly analyzed as its control pin system/bd_embVision_i/img_buffer_0/U0/img_buffer_v1_0_S00_AXI_inst/synth.img_buff_synth/enb_reg[10]/G is not reached by a timing clock
Related violations: <none>

TIMING-20#27 Warning
Non-clocked latch  
The latch system/bd_embVision_i/img_buffer_0/U0/img_buffer_v1_0_S00_AXI_inst/synth.img_buff_synth/enb_reg[11] cannot be properly analyzed as its control pin system/bd_embVision_i/img_buffer_0/U0/img_buffer_v1_0_S00_AXI_inst/synth.img_buff_synth/enb_reg[11]/G is not reached by a timing clock
Related violations: <none>

TIMING-20#28 Warning
Non-clocked latch  
The latch system/bd_embVision_i/img_buffer_0/U0/img_buffer_v1_0_S00_AXI_inst/synth.img_buff_synth/enb_reg[1] cannot be properly analyzed as its control pin system/bd_embVision_i/img_buffer_0/U0/img_buffer_v1_0_S00_AXI_inst/synth.img_buff_synth/enb_reg[1]/G is not reached by a timing clock
Related violations: <none>

TIMING-20#29 Warning
Non-clocked latch  
The latch system/bd_embVision_i/img_buffer_0/U0/img_buffer_v1_0_S00_AXI_inst/synth.img_buff_synth/enb_reg[2] cannot be properly analyzed as its control pin system/bd_embVision_i/img_buffer_0/U0/img_buffer_v1_0_S00_AXI_inst/synth.img_buff_synth/enb_reg[2]/G is not reached by a timing clock
Related violations: <none>

TIMING-20#30 Warning
Non-clocked latch  
The latch system/bd_embVision_i/img_buffer_0/U0/img_buffer_v1_0_S00_AXI_inst/synth.img_buff_synth/enb_reg[3] cannot be properly analyzed as its control pin system/bd_embVision_i/img_buffer_0/U0/img_buffer_v1_0_S00_AXI_inst/synth.img_buff_synth/enb_reg[3]/G is not reached by a timing clock
Related violations: <none>

TIMING-20#31 Warning
Non-clocked latch  
The latch system/bd_embVision_i/img_buffer_0/U0/img_buffer_v1_0_S00_AXI_inst/synth.img_buff_synth/enb_reg[4] cannot be properly analyzed as its control pin system/bd_embVision_i/img_buffer_0/U0/img_buffer_v1_0_S00_AXI_inst/synth.img_buff_synth/enb_reg[4]/G is not reached by a timing clock
Related violations: <none>

TIMING-20#32 Warning
Non-clocked latch  
The latch system/bd_embVision_i/img_buffer_0/U0/img_buffer_v1_0_S00_AXI_inst/synth.img_buff_synth/enb_reg[5] cannot be properly analyzed as its control pin system/bd_embVision_i/img_buffer_0/U0/img_buffer_v1_0_S00_AXI_inst/synth.img_buff_synth/enb_reg[5]/G is not reached by a timing clock
Related violations: <none>

TIMING-20#33 Warning
Non-clocked latch  
The latch system/bd_embVision_i/img_buffer_0/U0/img_buffer_v1_0_S00_AXI_inst/synth.img_buff_synth/enb_reg[6] cannot be properly analyzed as its control pin system/bd_embVision_i/img_buffer_0/U0/img_buffer_v1_0_S00_AXI_inst/synth.img_buff_synth/enb_reg[6]/G is not reached by a timing clock
Related violations: <none>

TIMING-20#34 Warning
Non-clocked latch  
The latch system/bd_embVision_i/img_buffer_0/U0/img_buffer_v1_0_S00_AXI_inst/synth.img_buff_synth/enb_reg[7] cannot be properly analyzed as its control pin system/bd_embVision_i/img_buffer_0/U0/img_buffer_v1_0_S00_AXI_inst/synth.img_buff_synth/enb_reg[7]/G is not reached by a timing clock
Related violations: <none>

TIMING-20#35 Warning
Non-clocked latch  
The latch system/bd_embVision_i/img_buffer_0/U0/img_buffer_v1_0_S00_AXI_inst/synth.img_buff_synth/enb_reg[8] cannot be properly analyzed as its control pin system/bd_embVision_i/img_buffer_0/U0/img_buffer_v1_0_S00_AXI_inst/synth.img_buff_synth/enb_reg[8]/G is not reached by a timing clock
Related violations: <none>

TIMING-20#36 Warning
Non-clocked latch  
The latch system/bd_embVision_i/img_buffer_0/U0/img_buffer_v1_0_S00_AXI_inst/synth.img_buff_synth/enb_reg[9] cannot be properly analyzed as its control pin system/bd_embVision_i/img_buffer_0/U0/img_buffer_v1_0_S00_AXI_inst/synth.img_buff_synth/enb_reg[9]/G is not reached by a timing clock
Related violations: <none>


