01:12:30 INFO  : Registering command handlers for SDK TCF services
01:12:30 INFO  : Launching XSCT server: xsct.bat -interactive C:\Projects\EmbeddedVision\SDK\temp_xsdb_launch_script.tcl
01:12:32 INFO  : XSCT server has started successfully.
01:12:33 INFO  : Successfully done setting XSCT server connection channel  
01:12:33 INFO  : Successfully done setting SDK workspace  
01:26:20 INFO  : Project 'hw_platform' created. You can now create BSPs and application projects targeting this hardware platform.
01:31:00 INFO  : Connected to target on host '127.0.0.1' and port '3121'.
01:31:00 INFO  : 'targets -set -filter {jtag_cable_name =~ "Digilent Zed 210248781021" && level==0} -index 1' command is executed.
01:31:02 INFO  : FPGA configured successfully with bitstream "C:/Projects/EmbeddedVision/hw_export/top.bit"
01:31:10 INFO  : 'targets -set -filter {jtag_cable_name =~ "Digilent Zed 210248781021" && level==0} -index 1' command is executed.
01:31:10 INFO  : 'fpga -state' command is executed.
01:31:10 INFO  : Connected to target on host '127.0.0.1' and port '3121'.
01:31:10 INFO  : Jtag cable 'Digilent Zed 210248781021' is selected.
01:31:10 INFO  : 'jtag frequency' command is executed.
01:31:10 INFO  : Sourcing of 'C:/Projects/EmbeddedVision/hw_export/ps7_init.tcl' is done.
01:31:10 INFO  : Context for 'APU' is selected.
01:31:10 INFO  : Hardware design information is loaded from 'C:/Projects/EmbeddedVision/hw_export/system.hdf'.
01:31:10 INFO  : 'configparams force-mem-access 1' command is executed.
01:31:11 INFO  : Context for 'APU' is selected.
01:31:11 INFO  : 'stop' command is executed.
01:31:11 INFO  : 'ps7_init' command is executed.
01:31:11 INFO  : 'ps7_post_config' command is executed.
01:31:11 INFO  : Context for processor 'ps7_cortexa9_0' is selected.
01:31:11 INFO  : Processor reset is completed for 'ps7_cortexa9_0'.
01:31:11 INFO  : Context for processor 'ps7_cortexa9_0' is selected.
01:31:11 INFO  : The application 'C:/Projects/EmbeddedVision/SDK/img_processing_app/Debug/img_processing_app.elf' is downloaded to processor 'ps7_cortexa9_0'.
01:31:11 INFO  : 'configparams force-mem-access 0' command is executed.
01:31:11 INFO  : ----------------XSDB Script----------------
connect -url tcp:127.0.0.1:3121
source C:/Projects/EmbeddedVision/hw_export/ps7_init.tcl
targets -set -nocase -filter {name =~"APU*" && jtag_cable_name =~ "Digilent Zed 210248781021"} -index 0
loadhw -hw C:/Projects/EmbeddedVision/hw_export/system.hdf -mem-ranges [list {0x40000000 0xbfffffff}]
configparams force-mem-access 1
targets -set -nocase -filter {name =~"APU*" && jtag_cable_name =~ "Digilent Zed 210248781021"} -index 0
stop
ps7_init
ps7_post_config
targets -set -nocase -filter {name =~ "ARM*#0" && jtag_cable_name =~ "Digilent Zed 210248781021"} -index 0
rst -processor
targets -set -nocase -filter {name =~ "ARM*#0" && jtag_cable_name =~ "Digilent Zed 210248781021"} -index 0
dow C:/Projects/EmbeddedVision/SDK/img_processing_app/Debug/img_processing_app.elf
configparams force-mem-access 0
----------------End of Script----------------

01:31:11 INFO  : Memory regions updated for context APU
01:31:11 INFO  : Context for processor 'ps7_cortexa9_0' is selected.
01:31:11 INFO  : 'con' command is executed.
01:31:11 INFO  : ----------------XSDB Script (After Launch)----------------
targets -set -nocase -filter {name =~ "ARM*#0" && jtag_cable_name =~ "Digilent Zed 210248781021"} -index 0
con
----------------End of Script----------------

01:31:11 INFO  : Launch script is exported to file 'C:\Projects\EmbeddedVision\SDK\.sdk\launch_scripts\xilinx_c-c++_application_(system_debugger)\system_debugger_using_debug_img_processing_app.elf_on_local.tcl'
01:31:29 INFO  : Connected to target on host '127.0.0.1' and port '3121'.
01:31:29 INFO  : 'targets -set -filter {jtag_cable_name =~ "Digilent Zed 210248781021" && level==0} -index 1' command is executed.
01:31:31 INFO  : FPGA configured successfully with bitstream "C:/Projects/EmbeddedVision/hw_export/top.bit"
01:31:42 INFO  : Disconnected from the channel tcfchan#1.
01:31:44 INFO  : 'targets -set -filter {jtag_cable_name =~ "Digilent Zed 210248781021" && level==0} -index 1' command is executed.
01:31:44 INFO  : 'fpga -state' command is executed.
01:31:44 INFO  : Connected to target on host '127.0.0.1' and port '3121'.
01:31:44 INFO  : Jtag cable 'Digilent Zed 210248781021' is selected.
01:31:44 INFO  : 'jtag frequency' command is executed.
01:31:44 INFO  : Sourcing of 'C:/Projects/EmbeddedVision/hw_export/ps7_init.tcl' is done.
01:31:44 INFO  : Context for 'APU' is selected.
01:31:45 INFO  : Hardware design information is loaded from 'C:/Projects/EmbeddedVision/hw_export/system.hdf'.
01:31:45 INFO  : 'configparams force-mem-access 1' command is executed.
01:31:45 INFO  : Context for 'APU' is selected.
01:31:45 INFO  : 'stop' command is executed.
01:31:46 INFO  : 'ps7_init' command is executed.
01:31:46 INFO  : 'ps7_post_config' command is executed.
01:31:46 INFO  : Context for processor 'ps7_cortexa9_0' is selected.
01:31:46 INFO  : Processor reset is completed for 'ps7_cortexa9_0'.
01:31:46 INFO  : Context for processor 'ps7_cortexa9_0' is selected.
01:31:46 INFO  : The application 'C:/Projects/EmbeddedVision/SDK/img_processing_app/Debug/img_processing_app.elf' is downloaded to processor 'ps7_cortexa9_0'.
01:31:46 INFO  : 'configparams force-mem-access 0' command is executed.
01:31:46 INFO  : ----------------XSDB Script----------------
connect -url tcp:127.0.0.1:3121
source C:/Projects/EmbeddedVision/hw_export/ps7_init.tcl
targets -set -nocase -filter {name =~"APU*" && jtag_cable_name =~ "Digilent Zed 210248781021"} -index 0
loadhw -hw C:/Projects/EmbeddedVision/hw_export/system.hdf -mem-ranges [list {0x40000000 0xbfffffff}]
configparams force-mem-access 1
targets -set -nocase -filter {name =~"APU*" && jtag_cable_name =~ "Digilent Zed 210248781021"} -index 0
stop
ps7_init
ps7_post_config
targets -set -nocase -filter {name =~ "ARM*#0" && jtag_cable_name =~ "Digilent Zed 210248781021"} -index 0
rst -processor
targets -set -nocase -filter {name =~ "ARM*#0" && jtag_cable_name =~ "Digilent Zed 210248781021"} -index 0
dow C:/Projects/EmbeddedVision/SDK/img_processing_app/Debug/img_processing_app.elf
configparams force-mem-access 0
----------------End of Script----------------

01:31:46 INFO  : Memory regions updated for context APU
01:31:46 INFO  : Context for processor 'ps7_cortexa9_0' is selected.
01:31:46 INFO  : 'con' command is executed.
01:31:46 INFO  : ----------------XSDB Script (After Launch)----------------
targets -set -nocase -filter {name =~ "ARM*#0" && jtag_cable_name =~ "Digilent Zed 210248781021"} -index 0
con
----------------End of Script----------------

01:31:46 INFO  : Launch script is exported to file 'C:\Projects\EmbeddedVision\SDK\.sdk\launch_scripts\xilinx_c-c++_application_(system_debugger)\system_debugger_using_debug_img_processing_app.elf_on_local.tcl'
08:47:03 INFO  : SDK has detected change in the last modified timestamps for source hardware specification file Source:1609314421133,  Project:1609287107629
08:47:03 INFO  : Project hw_platform's source hardware specification located at C:\Projects\EmbeddedVision\hw_export\top.hdf is now different from the local copy.
		 The local copy will be replaced with the source specification and your workspace will be updated.
08:47:39 INFO  : Copied contents of C:\Projects\EmbeddedVision\hw_export\top.hdf into \hw_platform\system.hdf.
08:47:42 INFO  : Synchronizing projects in the workspace with the hardware platform specification changes.
08:47:45 INFO  : 
08:47:46 INFO  : Updating hardware inferred compiler options for img_processing_app.
08:47:46 INFO  : Clearing existing target manager status.
08:47:46 INFO  : Closing and re-opening the MSS file of ther project standalone_bsp
08:47:47 INFO  : Closing and re-opening the MSS file of ther project standalone_bsp
08:47:47 INFO  : Workspace synchronized with the new hardware specification file. Cleaning dependent projects...
08:47:49 WARN  : Linker script will not be updated automatically. Users need to update it manually.
08:48:49 INFO  : Connected to target on host '127.0.0.1' and port '3121'.
08:48:49 INFO  : 'targets -set -filter {jtag_cable_name =~ "Digilent Zed 210248781021" && level==0} -index 1' command is executed.
08:48:51 INFO  : FPGA configured successfully with bitstream "C:/Projects/EmbeddedVision/hw_export/top.bit"
08:49:08 INFO  : Disconnected from the channel tcfchan#2.
08:49:09 INFO  : 'targets -set -filter {jtag_cable_name =~ "Digilent Zed 210248781021" && level==0} -index 1' command is executed.
08:49:09 INFO  : 'fpga -state' command is executed.
08:49:09 INFO  : Connected to target on host '127.0.0.1' and port '3121'.
08:49:10 INFO  : Jtag cable 'Digilent Zed 210248781021' is selected.
08:49:10 INFO  : 'jtag frequency' command is executed.
08:49:10 INFO  : Sourcing of 'C:/Projects/EmbeddedVision/hw_export/ps7_init.tcl' is done.
08:49:10 INFO  : Context for 'APU' is selected.
08:49:10 INFO  : Hardware design information is loaded from 'C:/Projects/EmbeddedVision/hw_export/system.hdf'.
08:49:10 INFO  : 'configparams force-mem-access 1' command is executed.
08:49:10 INFO  : Context for 'APU' is selected.
08:49:10 INFO  : 'stop' command is executed.
08:49:10 INFO  : 'ps7_init' command is executed.
08:49:10 INFO  : 'ps7_post_config' command is executed.
08:49:10 INFO  : Context for processor 'ps7_cortexa9_0' is selected.
08:49:10 INFO  : Processor reset is completed for 'ps7_cortexa9_0'.
08:49:10 INFO  : Context for processor 'ps7_cortexa9_0' is selected.
08:49:11 INFO  : The application 'C:/Projects/EmbeddedVision/SDK/img_processing_app/Debug/img_processing_app.elf' is downloaded to processor 'ps7_cortexa9_0'.
08:49:11 INFO  : 'configparams force-mem-access 0' command is executed.
08:49:11 INFO  : ----------------XSDB Script----------------
connect -url tcp:127.0.0.1:3121
source C:/Projects/EmbeddedVision/hw_export/ps7_init.tcl
targets -set -nocase -filter {name =~"APU*" && jtag_cable_name =~ "Digilent Zed 210248781021"} -index 0
loadhw -hw C:/Projects/EmbeddedVision/hw_export/system.hdf -mem-ranges [list {0x40000000 0xbfffffff}]
configparams force-mem-access 1
targets -set -nocase -filter {name =~"APU*" && jtag_cable_name =~ "Digilent Zed 210248781021"} -index 0
stop
ps7_init
ps7_post_config
targets -set -nocase -filter {name =~ "ARM*#0" && jtag_cable_name =~ "Digilent Zed 210248781021"} -index 0
rst -processor
targets -set -nocase -filter {name =~ "ARM*#0" && jtag_cable_name =~ "Digilent Zed 210248781021"} -index 0
dow C:/Projects/EmbeddedVision/SDK/img_processing_app/Debug/img_processing_app.elf
configparams force-mem-access 0
----------------End of Script----------------

08:49:11 INFO  : Memory regions updated for context APU
08:49:11 INFO  : Context for processor 'ps7_cortexa9_0' is selected.
08:49:11 INFO  : 'con' command is executed.
08:49:11 INFO  : ----------------XSDB Script (After Launch)----------------
targets -set -nocase -filter {name =~ "ARM*#0" && jtag_cable_name =~ "Digilent Zed 210248781021"} -index 0
con
----------------End of Script----------------

08:49:11 INFO  : Launch script is exported to file 'C:\Projects\EmbeddedVision\SDK\.sdk\launch_scripts\xilinx_c-c++_application_(system_debugger)\system_debugger_using_debug_img_processing_app.elf_on_local.tcl'
08:49:25 INFO  : Disconnected from the channel tcfchan#3.
08:49:26 INFO  : 'targets -set -filter {jtag_cable_name =~ "Digilent Zed 210248781021" && level==0} -index 1' command is executed.
08:49:26 INFO  : 'fpga -state' command is executed.
08:49:26 INFO  : Connected to target on host '127.0.0.1' and port '3121'.
08:49:27 INFO  : Jtag cable 'Digilent Zed 210248781021' is selected.
08:49:27 INFO  : 'jtag frequency' command is executed.
08:49:27 INFO  : Sourcing of 'C:/Projects/EmbeddedVision/hw_export/ps7_init.tcl' is done.
08:49:27 INFO  : Context for 'APU' is selected.
08:49:28 INFO  : Hardware design information is loaded from 'C:/Projects/EmbeddedVision/hw_export/system.hdf'.
08:49:28 INFO  : 'configparams force-mem-access 1' command is executed.
08:49:28 INFO  : Context for 'APU' is selected.
08:49:28 INFO  : 'stop' command is executed.
08:49:28 INFO  : 'ps7_init' command is executed.
08:49:29 INFO  : 'ps7_post_config' command is executed.
08:49:29 INFO  : Context for processor 'ps7_cortexa9_0' is selected.
08:49:29 INFO  : Processor reset is completed for 'ps7_cortexa9_0'.
08:49:29 INFO  : Context for processor 'ps7_cortexa9_0' is selected.
08:49:29 INFO  : The application 'C:/Projects/EmbeddedVision/SDK/img_processing_app/Debug/img_processing_app.elf' is downloaded to processor 'ps7_cortexa9_0'.
08:49:29 INFO  : 'configparams force-mem-access 0' command is executed.
08:49:29 INFO  : ----------------XSDB Script----------------
connect -url tcp:127.0.0.1:3121
source C:/Projects/EmbeddedVision/hw_export/ps7_init.tcl
targets -set -nocase -filter {name =~"APU*" && jtag_cable_name =~ "Digilent Zed 210248781021"} -index 0
loadhw -hw C:/Projects/EmbeddedVision/hw_export/system.hdf -mem-ranges [list {0x40000000 0xbfffffff}]
configparams force-mem-access 1
targets -set -nocase -filter {name =~"APU*" && jtag_cable_name =~ "Digilent Zed 210248781021"} -index 0
stop
ps7_init
ps7_post_config
targets -set -nocase -filter {name =~ "ARM*#0" && jtag_cable_name =~ "Digilent Zed 210248781021"} -index 0
rst -processor
targets -set -nocase -filter {name =~ "ARM*#0" && jtag_cable_name =~ "Digilent Zed 210248781021"} -index 0
dow C:/Projects/EmbeddedVision/SDK/img_processing_app/Debug/img_processing_app.elf
configparams force-mem-access 0
----------------End of Script----------------

08:49:29 INFO  : Memory regions updated for context APU
08:49:29 INFO  : Context for processor 'ps7_cortexa9_0' is selected.
08:49:29 INFO  : 'con' command is executed.
08:49:29 INFO  : ----------------XSDB Script (After Launch)----------------
targets -set -nocase -filter {name =~ "ARM*#0" && jtag_cable_name =~ "Digilent Zed 210248781021"} -index 0
con
----------------End of Script----------------

08:49:29 INFO  : Launch script is exported to file 'C:\Projects\EmbeddedVision\SDK\.sdk\launch_scripts\xilinx_c-c++_application_(system_debugger)\system_debugger_using_debug_img_processing_app.elf_on_local.tcl'
08:50:13 INFO  : Disconnected from the channel tcfchan#4.
08:50:14 INFO  : 'targets -set -filter {jtag_cable_name =~ "Digilent Zed 210248781021" && level==0} -index 1' command is executed.
08:50:14 INFO  : 'fpga -state' command is executed.
08:50:14 INFO  : Connected to target on host '127.0.0.1' and port '3121'.
08:50:15 INFO  : Jtag cable 'Digilent Zed 210248781021' is selected.
08:50:15 INFO  : 'jtag frequency' command is executed.
08:50:15 INFO  : Sourcing of 'C:/Projects/EmbeddedVision/hw_export/ps7_init.tcl' is done.
08:50:15 INFO  : Context for 'APU' is selected.
08:50:15 INFO  : Hardware design information is loaded from 'C:/Projects/EmbeddedVision/hw_export/system.hdf'.
08:50:15 INFO  : 'configparams force-mem-access 1' command is executed.
08:50:15 INFO  : Context for 'APU' is selected.
08:50:15 INFO  : 'stop' command is executed.
08:50:15 INFO  : 'ps7_init' command is executed.
08:50:15 INFO  : 'ps7_post_config' command is executed.
08:50:15 INFO  : Context for processor 'ps7_cortexa9_0' is selected.
08:50:15 INFO  : Processor reset is completed for 'ps7_cortexa9_0'.
08:50:15 INFO  : Context for processor 'ps7_cortexa9_0' is selected.
08:50:16 INFO  : The application 'C:/Projects/EmbeddedVision/SDK/img_processing_app/Debug/img_processing_app.elf' is downloaded to processor 'ps7_cortexa9_0'.
08:50:16 INFO  : 'configparams force-mem-access 0' command is executed.
08:50:16 INFO  : ----------------XSDB Script----------------
connect -url tcp:127.0.0.1:3121
source C:/Projects/EmbeddedVision/hw_export/ps7_init.tcl
targets -set -nocase -filter {name =~"APU*" && jtag_cable_name =~ "Digilent Zed 210248781021"} -index 0
loadhw -hw C:/Projects/EmbeddedVision/hw_export/system.hdf -mem-ranges [list {0x40000000 0xbfffffff}]
configparams force-mem-access 1
targets -set -nocase -filter {name =~"APU*" && jtag_cable_name =~ "Digilent Zed 210248781021"} -index 0
stop
ps7_init
ps7_post_config
targets -set -nocase -filter {name =~ "ARM*#0" && jtag_cable_name =~ "Digilent Zed 210248781021"} -index 0
rst -processor
targets -set -nocase -filter {name =~ "ARM*#0" && jtag_cable_name =~ "Digilent Zed 210248781021"} -index 0
dow C:/Projects/EmbeddedVision/SDK/img_processing_app/Debug/img_processing_app.elf
configparams force-mem-access 0
----------------End of Script----------------

08:50:16 INFO  : Memory regions updated for context APU
08:50:16 INFO  : Context for processor 'ps7_cortexa9_0' is selected.
08:50:16 INFO  : 'con' command is executed.
08:50:16 INFO  : ----------------XSDB Script (After Launch)----------------
targets -set -nocase -filter {name =~ "ARM*#0" && jtag_cable_name =~ "Digilent Zed 210248781021"} -index 0
con
----------------End of Script----------------

08:50:16 INFO  : Launch script is exported to file 'C:\Projects\EmbeddedVision\SDK\.sdk\launch_scripts\xilinx_c-c++_application_(system_debugger)\system_debugger_using_debug_img_processing_app.elf_on_local.tcl'
08:51:06 INFO  : Disconnected from the channel tcfchan#5.
08:51:07 INFO  : 'targets -set -filter {jtag_cable_name =~ "Digilent Zed 210248781021" && level==0} -index 1' command is executed.
08:51:07 INFO  : 'fpga -state' command is executed.
08:51:07 INFO  : Connected to target on host '127.0.0.1' and port '3121'.
08:51:08 INFO  : Jtag cable 'Digilent Zed 210248781021' is selected.
08:51:08 INFO  : 'jtag frequency' command is executed.
08:51:08 INFO  : Sourcing of 'C:/Projects/EmbeddedVision/hw_export/ps7_init.tcl' is done.
08:51:08 INFO  : Context for 'APU' is selected.
08:51:08 INFO  : Hardware design information is loaded from 'C:/Projects/EmbeddedVision/hw_export/system.hdf'.
08:51:08 INFO  : 'configparams force-mem-access 1' command is executed.
08:51:08 INFO  : Context for 'APU' is selected.
08:51:08 INFO  : 'stop' command is executed.
08:51:08 INFO  : 'ps7_init' command is executed.
08:51:08 INFO  : 'ps7_post_config' command is executed.
08:51:08 INFO  : Context for processor 'ps7_cortexa9_0' is selected.
08:51:08 INFO  : Processor reset is completed for 'ps7_cortexa9_0'.
08:51:08 INFO  : Context for processor 'ps7_cortexa9_0' is selected.
08:51:09 INFO  : The application 'C:/Projects/EmbeddedVision/SDK/img_processing_app/Debug/img_processing_app.elf' is downloaded to processor 'ps7_cortexa9_0'.
08:51:09 INFO  : 'configparams force-mem-access 0' command is executed.
08:51:09 INFO  : ----------------XSDB Script----------------
connect -url tcp:127.0.0.1:3121
source C:/Projects/EmbeddedVision/hw_export/ps7_init.tcl
targets -set -nocase -filter {name =~"APU*" && jtag_cable_name =~ "Digilent Zed 210248781021"} -index 0
loadhw -hw C:/Projects/EmbeddedVision/hw_export/system.hdf -mem-ranges [list {0x40000000 0xbfffffff}]
configparams force-mem-access 1
targets -set -nocase -filter {name =~"APU*" && jtag_cable_name =~ "Digilent Zed 210248781021"} -index 0
stop
ps7_init
ps7_post_config
targets -set -nocase -filter {name =~ "ARM*#0" && jtag_cable_name =~ "Digilent Zed 210248781021"} -index 0
rst -processor
targets -set -nocase -filter {name =~ "ARM*#0" && jtag_cable_name =~ "Digilent Zed 210248781021"} -index 0
dow C:/Projects/EmbeddedVision/SDK/img_processing_app/Debug/img_processing_app.elf
configparams force-mem-access 0
----------------End of Script----------------

08:51:09 INFO  : Memory regions updated for context APU
08:51:09 INFO  : Context for processor 'ps7_cortexa9_0' is selected.
08:51:09 INFO  : 'con' command is executed.
08:51:09 INFO  : ----------------XSDB Script (After Launch)----------------
targets -set -nocase -filter {name =~ "ARM*#0" && jtag_cable_name =~ "Digilent Zed 210248781021"} -index 0
con
----------------End of Script----------------

08:51:09 INFO  : Launch script is exported to file 'C:\Projects\EmbeddedVision\SDK\.sdk\launch_scripts\xilinx_c-c++_application_(system_debugger)\system_debugger_using_debug_img_processing_app.elf_on_local.tcl'
08:51:18 INFO  : Disconnected from the channel tcfchan#6.
08:51:19 INFO  : 'targets -set -filter {jtag_cable_name =~ "Digilent Zed 210248781021" && level==0} -index 1' command is executed.
08:51:19 INFO  : 'fpga -state' command is executed.
08:51:19 INFO  : Connected to target on host '127.0.0.1' and port '3121'.
08:51:19 INFO  : Jtag cable 'Digilent Zed 210248781021' is selected.
08:51:19 INFO  : 'jtag frequency' command is executed.
08:51:19 INFO  : Sourcing of 'C:/Projects/EmbeddedVision/hw_export/ps7_init.tcl' is done.
08:51:19 INFO  : Context for 'APU' is selected.
08:51:19 INFO  : Hardware design information is loaded from 'C:/Projects/EmbeddedVision/hw_export/system.hdf'.
08:51:19 INFO  : 'configparams force-mem-access 1' command is executed.
08:51:19 INFO  : Context for 'APU' is selected.
08:51:19 INFO  : 'stop' command is executed.
08:51:20 INFO  : 'ps7_init' command is executed.
08:51:20 INFO  : 'ps7_post_config' command is executed.
08:51:20 INFO  : Context for processor 'ps7_cortexa9_0' is selected.
08:51:20 INFO  : Processor reset is completed for 'ps7_cortexa9_0'.
08:51:20 INFO  : Context for processor 'ps7_cortexa9_0' is selected.
08:51:20 INFO  : The application 'C:/Projects/EmbeddedVision/SDK/img_processing_app/Debug/img_processing_app.elf' is downloaded to processor 'ps7_cortexa9_0'.
08:51:20 INFO  : 'configparams force-mem-access 0' command is executed.
08:51:20 INFO  : ----------------XSDB Script----------------
connect -url tcp:127.0.0.1:3121
source C:/Projects/EmbeddedVision/hw_export/ps7_init.tcl
targets -set -nocase -filter {name =~"APU*" && jtag_cable_name =~ "Digilent Zed 210248781021"} -index 0
loadhw -hw C:/Projects/EmbeddedVision/hw_export/system.hdf -mem-ranges [list {0x40000000 0xbfffffff}]
configparams force-mem-access 1
targets -set -nocase -filter {name =~"APU*" && jtag_cable_name =~ "Digilent Zed 210248781021"} -index 0
stop
ps7_init
ps7_post_config
targets -set -nocase -filter {name =~ "ARM*#0" && jtag_cable_name =~ "Digilent Zed 210248781021"} -index 0
rst -processor
targets -set -nocase -filter {name =~ "ARM*#0" && jtag_cable_name =~ "Digilent Zed 210248781021"} -index 0
dow C:/Projects/EmbeddedVision/SDK/img_processing_app/Debug/img_processing_app.elf
configparams force-mem-access 0
----------------End of Script----------------

08:51:20 INFO  : Memory regions updated for context APU
08:51:20 INFO  : Context for processor 'ps7_cortexa9_0' is selected.
08:51:20 INFO  : 'con' command is executed.
08:51:20 INFO  : ----------------XSDB Script (After Launch)----------------
targets -set -nocase -filter {name =~ "ARM*#0" && jtag_cable_name =~ "Digilent Zed 210248781021"} -index 0
con
----------------End of Script----------------

08:51:20 INFO  : Launch script is exported to file 'C:\Projects\EmbeddedVision\SDK\.sdk\launch_scripts\xilinx_c-c++_application_(system_debugger)\system_debugger_using_debug_img_processing_app.elf_on_local.tcl'
08:52:15 INFO  : No changes in MSS file content so not generating sources.
08:54:05 INFO  : Connected to target on host '127.0.0.1' and port '3121'.
08:54:05 INFO  : 'targets -set -filter {jtag_cable_name =~ "Digilent Zed 210248781021" && level==0} -index 1' command is executed.
08:54:07 INFO  : FPGA configured successfully with bitstream "C:/Projects/EmbeddedVision/hw_export/top.bit"
08:54:28 INFO  : Connected to target on host '127.0.0.1' and port '3121'.
08:54:28 INFO  : 'targets -set -filter {jtag_cable_name =~ "Digilent Zed 210248781021" && level==0} -index 1' command is executed.
08:54:31 INFO  : FPGA configured successfully with bitstream "C:/Projects/EmbeddedVision/hw_export/top.bit"
08:54:36 INFO  : Disconnected from the channel tcfchan#7.
08:54:37 INFO  : 'targets -set -filter {jtag_cable_name =~ "Digilent Zed 210248781021" && level==0} -index 1' command is executed.
08:54:37 INFO  : 'fpga -state' command is executed.
08:54:37 INFO  : Connected to target on host '127.0.0.1' and port '3121'.
08:54:38 INFO  : Jtag cable 'Digilent Zed 210248781021' is selected.
08:54:38 INFO  : 'jtag frequency' command is executed.
08:54:38 INFO  : Sourcing of 'C:/Projects/EmbeddedVision/hw_export/ps7_init.tcl' is done.
08:54:38 INFO  : Context for 'APU' is selected.
08:54:38 INFO  : Hardware design information is loaded from 'C:/Projects/EmbeddedVision/hw_export/system.hdf'.
08:54:38 INFO  : 'configparams force-mem-access 1' command is executed.
08:54:38 INFO  : Context for 'APU' is selected.
08:54:38 INFO  : 'stop' command is executed.
08:54:38 INFO  : 'ps7_init' command is executed.
08:54:38 INFO  : 'ps7_post_config' command is executed.
08:54:38 INFO  : Context for processor 'ps7_cortexa9_0' is selected.
08:54:38 INFO  : Processor reset is completed for 'ps7_cortexa9_0'.
08:54:38 INFO  : Context for processor 'ps7_cortexa9_0' is selected.
08:54:39 INFO  : The application 'C:/Projects/EmbeddedVision/SDK/img_processing_app/Debug/img_processing_app.elf' is downloaded to processor 'ps7_cortexa9_0'.
08:54:39 INFO  : 'configparams force-mem-access 0' command is executed.
08:54:39 INFO  : ----------------XSDB Script----------------
connect -url tcp:127.0.0.1:3121
source C:/Projects/EmbeddedVision/hw_export/ps7_init.tcl
targets -set -nocase -filter {name =~"APU*" && jtag_cable_name =~ "Digilent Zed 210248781021"} -index 0
loadhw -hw C:/Projects/EmbeddedVision/hw_export/system.hdf -mem-ranges [list {0x40000000 0xbfffffff}]
configparams force-mem-access 1
targets -set -nocase -filter {name =~"APU*" && jtag_cable_name =~ "Digilent Zed 210248781021"} -index 0
stop
ps7_init
ps7_post_config
targets -set -nocase -filter {name =~ "ARM*#0" && jtag_cable_name =~ "Digilent Zed 210248781021"} -index 0
rst -processor
targets -set -nocase -filter {name =~ "ARM*#0" && jtag_cable_name =~ "Digilent Zed 210248781021"} -index 0
dow C:/Projects/EmbeddedVision/SDK/img_processing_app/Debug/img_processing_app.elf
configparams force-mem-access 0
----------------End of Script----------------

08:54:39 INFO  : Memory regions updated for context APU
08:54:39 INFO  : Context for processor 'ps7_cortexa9_0' is selected.
08:54:39 INFO  : 'con' command is executed.
08:54:39 INFO  : ----------------XSDB Script (After Launch)----------------
targets -set -nocase -filter {name =~ "ARM*#0" && jtag_cable_name =~ "Digilent Zed 210248781021"} -index 0
con
----------------End of Script----------------

08:54:39 INFO  : Launch script is exported to file 'C:\Projects\EmbeddedVision\SDK\.sdk\launch_scripts\xilinx_c-c++_application_(system_debugger)\system_debugger_using_debug_img_processing_app.elf_on_local.tcl'
08:56:01 INFO  : Disconnected from the channel tcfchan#8.
08:56:02 INFO  : 'targets -set -filter {jtag_cable_name =~ "Digilent Zed 210248781021" && level==0} -index 1' command is executed.
08:56:02 INFO  : 'fpga -state' command is executed.
08:56:02 INFO  : Connected to target on host '127.0.0.1' and port '3121'.
08:56:02 INFO  : Jtag cable 'Digilent Zed 210248781021' is selected.
08:56:02 INFO  : 'jtag frequency' command is executed.
08:56:02 INFO  : Sourcing of 'C:/Projects/EmbeddedVision/hw_export/ps7_init.tcl' is done.
08:56:02 INFO  : Context for 'APU' is selected.
08:56:02 INFO  : Hardware design information is loaded from 'C:/Projects/EmbeddedVision/hw_export/system.hdf'.
08:56:02 INFO  : 'configparams force-mem-access 1' command is executed.
08:56:02 INFO  : Context for 'APU' is selected.
08:56:02 INFO  : 'stop' command is executed.
08:56:02 INFO  : 'ps7_init' command is executed.
08:56:02 INFO  : 'ps7_post_config' command is executed.
08:56:02 INFO  : Context for processor 'ps7_cortexa9_0' is selected.
08:56:02 INFO  : Processor reset is completed for 'ps7_cortexa9_0'.
08:56:02 INFO  : Context for processor 'ps7_cortexa9_0' is selected.
08:56:03 INFO  : The application 'C:/Projects/EmbeddedVision/SDK/echo/Debug/echo.elf' is downloaded to processor 'ps7_cortexa9_0'.
08:56:03 INFO  : 'configparams force-mem-access 0' command is executed.
08:56:03 INFO  : ----------------XSDB Script----------------
connect -url tcp:127.0.0.1:3121
source C:/Projects/EmbeddedVision/hw_export/ps7_init.tcl
targets -set -nocase -filter {name =~"APU*" && jtag_cable_name =~ "Digilent Zed 210248781021"} -index 0
loadhw -hw C:/Projects/EmbeddedVision/hw_export/system.hdf -mem-ranges [list {0x40000000 0xbfffffff}]
configparams force-mem-access 1
targets -set -nocase -filter {name =~"APU*" && jtag_cable_name =~ "Digilent Zed 210248781021"} -index 0
stop
ps7_init
ps7_post_config
targets -set -nocase -filter {name =~ "ARM*#0" && jtag_cable_name =~ "Digilent Zed 210248781021"} -index 0
rst -processor
targets -set -nocase -filter {name =~ "ARM*#0" && jtag_cable_name =~ "Digilent Zed 210248781021"} -index 0
dow C:/Projects/EmbeddedVision/SDK/echo/Debug/echo.elf
configparams force-mem-access 0
----------------End of Script----------------

08:56:03 INFO  : Memory regions updated for context APU
08:56:03 INFO  : Context for processor 'ps7_cortexa9_0' is selected.
08:56:03 INFO  : 'con' command is executed.
08:56:03 INFO  : ----------------XSDB Script (After Launch)----------------
targets -set -nocase -filter {name =~ "ARM*#0" && jtag_cable_name =~ "Digilent Zed 210248781021"} -index 0
con
----------------End of Script----------------

08:56:03 INFO  : Launch script is exported to file 'C:\Projects\EmbeddedVision\SDK\.sdk\launch_scripts\xilinx_c-c++_application_(system_debugger)\system_debugger_using_debug_echo.elf_on_local.tcl'
08:56:33 INFO  : Disconnected from the channel tcfchan#9.
08:56:34 INFO  : 'targets -set -filter {jtag_cable_name =~ "Digilent Zed 210248781021" && level==0} -index 1' command is executed.
08:56:34 INFO  : 'fpga -state' command is executed.
08:56:34 INFO  : Connected to target on host '127.0.0.1' and port '3121'.
08:56:34 INFO  : Jtag cable 'Digilent Zed 210248781021' is selected.
08:56:34 INFO  : 'jtag frequency' command is executed.
08:56:34 INFO  : Sourcing of 'C:/Projects/EmbeddedVision/hw_export/ps7_init.tcl' is done.
08:56:35 INFO  : Context for 'APU' is selected.
08:56:35 INFO  : Hardware design information is loaded from 'C:/Projects/EmbeddedVision/hw_export/system.hdf'.
08:56:35 INFO  : 'configparams force-mem-access 1' command is executed.
08:56:35 INFO  : Context for 'APU' is selected.
08:56:35 INFO  : 'stop' command is executed.
08:56:35 INFO  : 'ps7_init' command is executed.
08:56:35 INFO  : 'ps7_post_config' command is executed.
08:56:35 INFO  : Context for processor 'ps7_cortexa9_0' is selected.
08:56:35 INFO  : Processor reset is completed for 'ps7_cortexa9_0'.
08:56:35 INFO  : Context for processor 'ps7_cortexa9_0' is selected.
08:56:35 INFO  : The application 'C:/Projects/EmbeddedVision/SDK/img_processing_app/Debug/img_processing_app.elf' is downloaded to processor 'ps7_cortexa9_0'.
08:56:35 INFO  : 'configparams force-mem-access 0' command is executed.
08:56:35 INFO  : ----------------XSDB Script----------------
connect -url tcp:127.0.0.1:3121
source C:/Projects/EmbeddedVision/hw_export/ps7_init.tcl
targets -set -nocase -filter {name =~"APU*" && jtag_cable_name =~ "Digilent Zed 210248781021"} -index 0
loadhw -hw C:/Projects/EmbeddedVision/hw_export/system.hdf -mem-ranges [list {0x40000000 0xbfffffff}]
configparams force-mem-access 1
targets -set -nocase -filter {name =~"APU*" && jtag_cable_name =~ "Digilent Zed 210248781021"} -index 0
stop
ps7_init
ps7_post_config
targets -set -nocase -filter {name =~ "ARM*#0" && jtag_cable_name =~ "Digilent Zed 210248781021"} -index 0
rst -processor
targets -set -nocase -filter {name =~ "ARM*#0" && jtag_cable_name =~ "Digilent Zed 210248781021"} -index 0
dow C:/Projects/EmbeddedVision/SDK/img_processing_app/Debug/img_processing_app.elf
configparams force-mem-access 0
----------------End of Script----------------

08:56:35 INFO  : Memory regions updated for context APU
08:56:36 INFO  : Context for processor 'ps7_cortexa9_0' is selected.
08:56:36 INFO  : 'con' command is executed.
08:56:36 INFO  : ----------------XSDB Script (After Launch)----------------
targets -set -nocase -filter {name =~ "ARM*#0" && jtag_cable_name =~ "Digilent Zed 210248781021"} -index 0
con
----------------End of Script----------------

08:56:36 INFO  : Launch script is exported to file 'C:\Projects\EmbeddedVision\SDK\.sdk\launch_scripts\xilinx_c-c++_application_(system_debugger)\system_debugger_using_debug_img_processing_app.elf_on_local.tcl'
08:59:09 INFO  : Connected to target on host '127.0.0.1' and port '3121'.
08:59:09 INFO  : 'targets -set -filter {jtag_cable_name =~ "Digilent Zed 210248781021" && level==0} -index 1' command is executed.
08:59:11 INFO  : FPGA configured successfully with bitstream "C:/Projects/EmbeddedVision/hw_export/top.bit"
08:59:17 INFO  : Disconnected from the channel tcfchan#10.
08:59:18 INFO  : 'targets -set -filter {jtag_cable_name =~ "Digilent Zed 210248781021" && level==0} -index 1' command is executed.
08:59:18 INFO  : 'fpga -state' command is executed.
08:59:18 INFO  : Connected to target on host '127.0.0.1' and port '3121'.
08:59:18 INFO  : Jtag cable 'Digilent Zed 210248781021' is selected.
08:59:18 INFO  : 'jtag frequency' command is executed.
08:59:18 INFO  : Sourcing of 'C:/Projects/EmbeddedVision/hw_export/ps7_init.tcl' is done.
08:59:18 INFO  : Context for 'APU' is selected.
08:59:18 INFO  : Hardware design information is loaded from 'C:/Projects/EmbeddedVision/hw_export/system.hdf'.
08:59:18 INFO  : 'configparams force-mem-access 1' command is executed.
08:59:18 INFO  : Context for 'APU' is selected.
08:59:18 INFO  : 'stop' command is executed.
08:59:18 INFO  : 'ps7_init' command is executed.
08:59:18 INFO  : 'ps7_post_config' command is executed.
08:59:18 INFO  : Context for processor 'ps7_cortexa9_0' is selected.
08:59:19 INFO  : Processor reset is completed for 'ps7_cortexa9_0'.
08:59:19 INFO  : Context for processor 'ps7_cortexa9_0' is selected.
08:59:19 INFO  : The application 'C:/Projects/EmbeddedVision/SDK/img_processing/Debug/img_processing.elf' is downloaded to processor 'ps7_cortexa9_0'.
08:59:19 INFO  : 'configparams force-mem-access 0' command is executed.
08:59:19 INFO  : ----------------XSDB Script----------------
connect -url tcp:127.0.0.1:3121
source C:/Projects/EmbeddedVision/hw_export/ps7_init.tcl
targets -set -nocase -filter {name =~"APU*" && jtag_cable_name =~ "Digilent Zed 210248781021"} -index 0
loadhw -hw C:/Projects/EmbeddedVision/hw_export/system.hdf -mem-ranges [list {0x40000000 0xbfffffff}]
configparams force-mem-access 1
targets -set -nocase -filter {name =~"APU*" && jtag_cable_name =~ "Digilent Zed 210248781021"} -index 0
stop
ps7_init
ps7_post_config
targets -set -nocase -filter {name =~ "ARM*#0" && jtag_cable_name =~ "Digilent Zed 210248781021"} -index 0
rst -processor
targets -set -nocase -filter {name =~ "ARM*#0" && jtag_cable_name =~ "Digilent Zed 210248781021"} -index 0
dow C:/Projects/EmbeddedVision/SDK/img_processing/Debug/img_processing.elf
configparams force-mem-access 0
----------------End of Script----------------

08:59:19 INFO  : Memory regions updated for context APU
08:59:19 INFO  : Context for processor 'ps7_cortexa9_0' is selected.
08:59:19 INFO  : 'con' command is executed.
08:59:19 INFO  : ----------------XSDB Script (After Launch)----------------
targets -set -nocase -filter {name =~ "ARM*#0" && jtag_cable_name =~ "Digilent Zed 210248781021"} -index 0
con
----------------End of Script----------------

08:59:19 INFO  : Launch script is exported to file 'C:\Projects\EmbeddedVision\SDK\.sdk\launch_scripts\xilinx_c-c++_application_(system_debugger)\system_debugger_using_debug_img_processing.elf_on_local.tcl'
08:59:51 INFO  : Disconnected from the channel tcfchan#11.
08:59:52 INFO  : 'targets -set -filter {jtag_cable_name =~ "Digilent Zed 210248781021" && level==0} -index 1' command is executed.
08:59:52 INFO  : 'fpga -state' command is executed.
08:59:52 INFO  : Connected to target on host '127.0.0.1' and port '3121'.
08:59:53 INFO  : Jtag cable 'Digilent Zed 210248781021' is selected.
08:59:53 INFO  : 'jtag frequency' command is executed.
08:59:53 INFO  : Sourcing of 'C:/Projects/EmbeddedVision/hw_export/ps7_init.tcl' is done.
08:59:53 INFO  : Context for 'APU' is selected.
08:59:53 INFO  : Hardware design information is loaded from 'C:/Projects/EmbeddedVision/hw_export/system.hdf'.
08:59:53 INFO  : 'configparams force-mem-access 1' command is executed.
08:59:53 INFO  : Context for 'APU' is selected.
08:59:53 INFO  : 'stop' command is executed.
08:59:53 INFO  : 'ps7_init' command is executed.
08:59:53 INFO  : 'ps7_post_config' command is executed.
08:59:53 INFO  : Context for processor 'ps7_cortexa9_0' is selected.
08:59:53 INFO  : Processor reset is completed for 'ps7_cortexa9_0'.
08:59:53 INFO  : Context for processor 'ps7_cortexa9_0' is selected.
08:59:54 INFO  : The application 'C:/Projects/EmbeddedVision/SDK/img_processing/Debug/img_processing.elf' is downloaded to processor 'ps7_cortexa9_0'.
08:59:54 INFO  : 'configparams force-mem-access 0' command is executed.
08:59:54 INFO  : ----------------XSDB Script----------------
connect -url tcp:127.0.0.1:3121
source C:/Projects/EmbeddedVision/hw_export/ps7_init.tcl
targets -set -nocase -filter {name =~"APU*" && jtag_cable_name =~ "Digilent Zed 210248781021"} -index 0
loadhw -hw C:/Projects/EmbeddedVision/hw_export/system.hdf -mem-ranges [list {0x40000000 0xbfffffff}]
configparams force-mem-access 1
targets -set -nocase -filter {name =~"APU*" && jtag_cable_name =~ "Digilent Zed 210248781021"} -index 0
stop
ps7_init
ps7_post_config
targets -set -nocase -filter {name =~ "ARM*#0" && jtag_cable_name =~ "Digilent Zed 210248781021"} -index 0
rst -processor
targets -set -nocase -filter {name =~ "ARM*#0" && jtag_cable_name =~ "Digilent Zed 210248781021"} -index 0
dow C:/Projects/EmbeddedVision/SDK/img_processing/Debug/img_processing.elf
configparams force-mem-access 0
----------------End of Script----------------

08:59:54 INFO  : Memory regions updated for context APU
08:59:54 INFO  : Context for processor 'ps7_cortexa9_0' is selected.
08:59:54 INFO  : 'con' command is executed.
08:59:54 INFO  : ----------------XSDB Script (After Launch)----------------
targets -set -nocase -filter {name =~ "ARM*#0" && jtag_cable_name =~ "Digilent Zed 210248781021"} -index 0
con
----------------End of Script----------------

08:59:54 INFO  : Launch script is exported to file 'C:\Projects\EmbeddedVision\SDK\.sdk\launch_scripts\xilinx_c-c++_application_(system_debugger)\system_debugger_using_debug_img_processing.elf_on_local.tcl'
09:01:04 INFO  : Disconnected from the channel tcfchan#12.
09:01:06 INFO  : 'targets -set -filter {jtag_cable_name =~ "Digilent Zed 210248781021" && level==0} -index 1' command is executed.
09:01:06 INFO  : 'fpga -state' command is executed.
09:01:06 INFO  : Connected to target on host '127.0.0.1' and port '3121'.
09:01:06 INFO  : Jtag cable 'Digilent Zed 210248781021' is selected.
09:01:06 INFO  : 'jtag frequency' command is executed.
09:01:06 INFO  : Sourcing of 'C:/Projects/EmbeddedVision/hw_export/ps7_init.tcl' is done.
09:01:06 INFO  : Context for 'APU' is selected.
09:01:06 INFO  : Hardware design information is loaded from 'C:/Projects/EmbeddedVision/hw_export/system.hdf'.
09:01:06 INFO  : 'configparams force-mem-access 1' command is executed.
09:01:06 INFO  : Context for 'APU' is selected.
09:01:06 INFO  : 'stop' command is executed.
09:01:06 INFO  : 'ps7_init' command is executed.
09:01:06 INFO  : 'ps7_post_config' command is executed.
09:01:06 INFO  : Context for processor 'ps7_cortexa9_0' is selected.
09:01:06 INFO  : Processor reset is completed for 'ps7_cortexa9_0'.
09:01:06 INFO  : Context for processor 'ps7_cortexa9_0' is selected.
09:01:07 INFO  : The application 'C:/Projects/EmbeddedVision/SDK/img_processing/Debug/img_processing.elf' is downloaded to processor 'ps7_cortexa9_0'.
09:01:07 INFO  : 'configparams force-mem-access 0' command is executed.
09:01:07 INFO  : ----------------XSDB Script----------------
connect -url tcp:127.0.0.1:3121
source C:/Projects/EmbeddedVision/hw_export/ps7_init.tcl
targets -set -nocase -filter {name =~"APU*" && jtag_cable_name =~ "Digilent Zed 210248781021"} -index 0
loadhw -hw C:/Projects/EmbeddedVision/hw_export/system.hdf -mem-ranges [list {0x40000000 0xbfffffff}]
configparams force-mem-access 1
targets -set -nocase -filter {name =~"APU*" && jtag_cable_name =~ "Digilent Zed 210248781021"} -index 0
stop
ps7_init
ps7_post_config
targets -set -nocase -filter {name =~ "ARM*#0" && jtag_cable_name =~ "Digilent Zed 210248781021"} -index 0
rst -processor
targets -set -nocase -filter {name =~ "ARM*#0" && jtag_cable_name =~ "Digilent Zed 210248781021"} -index 0
dow C:/Projects/EmbeddedVision/SDK/img_processing/Debug/img_processing.elf
configparams force-mem-access 0
----------------End of Script----------------

09:01:07 INFO  : Memory regions updated for context APU
09:01:07 INFO  : Context for processor 'ps7_cortexa9_0' is selected.
09:01:07 INFO  : 'con' command is executed.
09:01:07 INFO  : ----------------XSDB Script (After Launch)----------------
targets -set -nocase -filter {name =~ "ARM*#0" && jtag_cable_name =~ "Digilent Zed 210248781021"} -index 0
con
----------------End of Script----------------

09:01:07 INFO  : Launch script is exported to file 'C:\Projects\EmbeddedVision\SDK\.sdk\launch_scripts\xilinx_c-c++_application_(system_debugger)\system_debugger_using_debug_img_processing.elf_on_local.tcl'
09:01:20 INFO  : Disconnected from the channel tcfchan#13.
09:01:21 INFO  : 'targets -set -filter {jtag_cable_name =~ "Digilent Zed 210248781021" && level==0} -index 1' command is executed.
09:01:21 INFO  : 'fpga -state' command is executed.
09:01:21 INFO  : Connected to target on host '127.0.0.1' and port '3121'.
09:01:21 INFO  : Jtag cable 'Digilent Zed 210248781021' is selected.
09:01:21 INFO  : 'jtag frequency' command is executed.
09:01:21 INFO  : Sourcing of 'C:/Projects/EmbeddedVision/hw_export/ps7_init.tcl' is done.
09:01:21 INFO  : Context for 'APU' is selected.
09:01:21 INFO  : Hardware design information is loaded from 'C:/Projects/EmbeddedVision/hw_export/system.hdf'.
09:01:21 INFO  : 'configparams force-mem-access 1' command is executed.
09:01:21 INFO  : Context for 'APU' is selected.
09:01:21 INFO  : 'stop' command is executed.
09:01:21 INFO  : 'ps7_init' command is executed.
09:01:21 INFO  : 'ps7_post_config' command is executed.
09:01:21 INFO  : Context for processor 'ps7_cortexa9_0' is selected.
09:01:21 INFO  : Processor reset is completed for 'ps7_cortexa9_0'.
09:01:21 INFO  : Context for processor 'ps7_cortexa9_0' is selected.
09:01:22 INFO  : The application 'C:/Projects/EmbeddedVision/SDK/img_processing/Debug/img_processing.elf' is downloaded to processor 'ps7_cortexa9_0'.
09:01:22 INFO  : 'configparams force-mem-access 0' command is executed.
09:01:22 INFO  : ----------------XSDB Script----------------
connect -url tcp:127.0.0.1:3121
source C:/Projects/EmbeddedVision/hw_export/ps7_init.tcl
targets -set -nocase -filter {name =~"APU*" && jtag_cable_name =~ "Digilent Zed 210248781021"} -index 0
loadhw -hw C:/Projects/EmbeddedVision/hw_export/system.hdf -mem-ranges [list {0x40000000 0xbfffffff}]
configparams force-mem-access 1
targets -set -nocase -filter {name =~"APU*" && jtag_cable_name =~ "Digilent Zed 210248781021"} -index 0
stop
ps7_init
ps7_post_config
targets -set -nocase -filter {name =~ "ARM*#0" && jtag_cable_name =~ "Digilent Zed 210248781021"} -index 0
rst -processor
targets -set -nocase -filter {name =~ "ARM*#0" && jtag_cable_name =~ "Digilent Zed 210248781021"} -index 0
dow C:/Projects/EmbeddedVision/SDK/img_processing/Debug/img_processing.elf
configparams force-mem-access 0
----------------End of Script----------------

09:01:22 INFO  : Memory regions updated for context APU
09:01:22 INFO  : Context for processor 'ps7_cortexa9_0' is selected.
09:01:22 INFO  : 'con' command is executed.
09:01:22 INFO  : ----------------XSDB Script (After Launch)----------------
targets -set -nocase -filter {name =~ "ARM*#0" && jtag_cable_name =~ "Digilent Zed 210248781021"} -index 0
con
----------------End of Script----------------

09:01:22 INFO  : Launch script is exported to file 'C:\Projects\EmbeddedVision\SDK\.sdk\launch_scripts\xilinx_c-c++_application_(system_debugger)\system_debugger_using_debug_img_processing.elf_on_local.tcl'
09:04:30 INFO  : Connected to target on host '127.0.0.1' and port '3121'.
09:04:30 INFO  : 'targets -set -filter {jtag_cable_name =~ "Digilent Zed 210248781021" && level==0} -index 1' command is executed.
09:04:32 INFO  : FPGA configured successfully with bitstream "C:/Projects/EmbeddedVision/hw_export/top.bit"
09:06:54 INFO  : Disconnected from the channel tcfchan#14.
09:06:55 INFO  : 'targets -set -filter {jtag_cable_name =~ "Digilent Zed 210248781021" && level==0} -index 1' command is executed.
09:06:55 INFO  : 'fpga -state' command is executed.
09:06:55 INFO  : Connected to target on host '127.0.0.1' and port '3121'.
09:06:56 INFO  : Jtag cable 'Digilent Zed 210248781021' is selected.
09:06:56 INFO  : 'jtag frequency' command is executed.
09:06:56 INFO  : Sourcing of 'C:/Projects/EmbeddedVision/hw_export/ps7_init.tcl' is done.
09:06:56 INFO  : Context for 'APU' is selected.
09:06:56 INFO  : Hardware design information is loaded from 'C:/Projects/EmbeddedVision/hw_export/system.hdf'.
09:06:56 INFO  : 'configparams force-mem-access 1' command is executed.
09:06:56 INFO  : Context for 'APU' is selected.
09:06:56 INFO  : 'stop' command is executed.
09:06:56 INFO  : 'ps7_init' command is executed.
09:06:56 INFO  : 'ps7_post_config' command is executed.
09:06:56 INFO  : Context for processor 'ps7_cortexa9_0' is selected.
09:06:56 INFO  : Processor reset is completed for 'ps7_cortexa9_0'.
09:06:56 INFO  : Context for processor 'ps7_cortexa9_0' is selected.
09:06:56 INFO  : The application 'C:/Projects/EmbeddedVision/SDK/img_processing/Debug/img_processing.elf' is downloaded to processor 'ps7_cortexa9_0'.
09:06:57 INFO  : 'configparams force-mem-access 0' command is executed.
09:06:57 INFO  : ----------------XSDB Script----------------
connect -url tcp:127.0.0.1:3121
source C:/Projects/EmbeddedVision/hw_export/ps7_init.tcl
targets -set -nocase -filter {name =~"APU*" && jtag_cable_name =~ "Digilent Zed 210248781021"} -index 0
loadhw -hw C:/Projects/EmbeddedVision/hw_export/system.hdf -mem-ranges [list {0x40000000 0xbfffffff}]
configparams force-mem-access 1
targets -set -nocase -filter {name =~"APU*" && jtag_cable_name =~ "Digilent Zed 210248781021"} -index 0
stop
ps7_init
ps7_post_config
targets -set -nocase -filter {name =~ "ARM*#0" && jtag_cable_name =~ "Digilent Zed 210248781021"} -index 0
rst -processor
targets -set -nocase -filter {name =~ "ARM*#0" && jtag_cable_name =~ "Digilent Zed 210248781021"} -index 0
dow C:/Projects/EmbeddedVision/SDK/img_processing/Debug/img_processing.elf
configparams force-mem-access 0
----------------End of Script----------------

09:06:57 INFO  : Memory regions updated for context APU
09:06:57 INFO  : Context for processor 'ps7_cortexa9_0' is selected.
09:06:57 INFO  : 'con' command is executed.
09:06:57 INFO  : ----------------XSDB Script (After Launch)----------------
targets -set -nocase -filter {name =~ "ARM*#0" && jtag_cable_name =~ "Digilent Zed 210248781021"} -index 0
con
----------------End of Script----------------

09:06:57 INFO  : Launch script is exported to file 'C:\Projects\EmbeddedVision\SDK\.sdk\launch_scripts\xilinx_c-c++_application_(system_debugger)\system_debugger_using_debug_img_processing.elf_on_local.tcl'
09:44:57 INFO  : Connected to target on host '127.0.0.1' and port '3121'.
09:44:57 INFO  : 'targets -set -filter {jtag_cable_name =~ "Digilent Zed 210248781021" && level==0} -index 1' command is executed.
09:44:59 INFO  : FPGA configured successfully with bitstream "C:/Projects/EmbeddedVision/hw_export/top.bit"
09:45:07 INFO  : Disconnected from the channel tcfchan#15.
09:45:08 INFO  : 'targets -set -filter {jtag_cable_name =~ "Digilent Zed 210248781021" && level==0} -index 1' command is executed.
09:45:08 INFO  : 'fpga -state' command is executed.
09:45:08 INFO  : Connected to target on host '127.0.0.1' and port '3121'.
09:45:08 INFO  : Jtag cable 'Digilent Zed 210248781021' is selected.
09:45:08 INFO  : 'jtag frequency' command is executed.
09:45:08 INFO  : Sourcing of 'C:/Projects/EmbeddedVision/hw_export/ps7_init.tcl' is done.
09:45:08 INFO  : Context for 'APU' is selected.
09:45:08 INFO  : Hardware design information is loaded from 'C:/Projects/EmbeddedVision/hw_export/system.hdf'.
09:45:08 INFO  : 'configparams force-mem-access 1' command is executed.
09:45:08 INFO  : Context for 'APU' is selected.
09:45:08 INFO  : 'stop' command is executed.
09:45:09 INFO  : 'ps7_init' command is executed.
09:45:09 INFO  : 'ps7_post_config' command is executed.
09:45:09 INFO  : Context for processor 'ps7_cortexa9_0' is selected.
09:45:09 INFO  : Processor reset is completed for 'ps7_cortexa9_0'.
09:45:09 INFO  : Context for processor 'ps7_cortexa9_0' is selected.
09:45:09 INFO  : The application 'C:/Projects/EmbeddedVision/SDK/img_processing/Debug/img_processing.elf' is downloaded to processor 'ps7_cortexa9_0'.
09:45:09 INFO  : 'configparams force-mem-access 0' command is executed.
09:45:09 INFO  : ----------------XSDB Script----------------
connect -url tcp:127.0.0.1:3121
source C:/Projects/EmbeddedVision/hw_export/ps7_init.tcl
targets -set -nocase -filter {name =~"APU*" && jtag_cable_name =~ "Digilent Zed 210248781021"} -index 0
loadhw -hw C:/Projects/EmbeddedVision/hw_export/system.hdf -mem-ranges [list {0x40000000 0xbfffffff}]
configparams force-mem-access 1
targets -set -nocase -filter {name =~"APU*" && jtag_cable_name =~ "Digilent Zed 210248781021"} -index 0
stop
ps7_init
ps7_post_config
targets -set -nocase -filter {name =~ "ARM*#0" && jtag_cable_name =~ "Digilent Zed 210248781021"} -index 0
rst -processor
targets -set -nocase -filter {name =~ "ARM*#0" && jtag_cable_name =~ "Digilent Zed 210248781021"} -index 0
dow C:/Projects/EmbeddedVision/SDK/img_processing/Debug/img_processing.elf
configparams force-mem-access 0
----------------End of Script----------------

09:45:09 INFO  : Memory regions updated for context APU
09:45:09 INFO  : Context for processor 'ps7_cortexa9_0' is selected.
09:45:09 INFO  : 'con' command is executed.
09:45:09 INFO  : ----------------XSDB Script (After Launch)----------------
targets -set -nocase -filter {name =~ "ARM*#0" && jtag_cable_name =~ "Digilent Zed 210248781021"} -index 0
con
----------------End of Script----------------

09:45:09 INFO  : Launch script is exported to file 'C:\Projects\EmbeddedVision\SDK\.sdk\launch_scripts\xilinx_c-c++_application_(system_debugger)\system_debugger_using_debug_img_processing.elf_on_local.tcl'
10:01:50 INFO  : Connected to target on host '127.0.0.1' and port '3121'.
10:01:50 INFO  : 'targets -set -filter {jtag_cable_name =~ "Digilent Zed 210248781021" && level==0} -index 1' command is executed.
10:01:52 INFO  : FPGA configured successfully with bitstream "C:/Projects/EmbeddedVision/hw_export/top.bit"
10:12:30 INFO  : Connected to target on host '127.0.0.1' and port '3121'.
10:12:30 INFO  : 'targets -set -filter {jtag_cable_name =~ "Digilent Zed 210248781021" && level==0} -index 1' command is executed.
10:12:33 INFO  : FPGA configured successfully with bitstream "C:/Projects/EmbeddedVision/hw_export/top.bit"
10:12:46 INFO  : Disconnected from the channel tcfchan#16.
10:12:47 INFO  : 'targets -set -filter {jtag_cable_name =~ "Digilent Zed 210248781021" && level==0} -index 1' command is executed.
10:12:47 INFO  : 'fpga -state' command is executed.
10:12:48 INFO  : Connected to target on host '127.0.0.1' and port '3121'.
10:12:48 INFO  : Jtag cable 'Digilent Zed 210248781021' is selected.
10:12:48 INFO  : 'jtag frequency' command is executed.
10:12:48 INFO  : Sourcing of 'C:/Projects/EmbeddedVision/hw_export/ps7_init.tcl' is done.
10:12:48 INFO  : Context for 'APU' is selected.
10:12:48 INFO  : Hardware design information is loaded from 'C:/Projects/EmbeddedVision/hw_export/system.hdf'.
10:12:48 INFO  : 'configparams force-mem-access 1' command is executed.
10:12:48 INFO  : Context for 'APU' is selected.
10:12:48 INFO  : 'stop' command is executed.
10:12:48 ERROR : Memory read error at 0xF8007080. AHB AP transaction error, DAP status f0000021
10:12:48 INFO  : ----------------XSDB Script----------------
connect -url tcp:127.0.0.1:3121
source C:/Projects/EmbeddedVision/hw_export/ps7_init.tcl
targets -set -nocase -filter {name =~"APU*" && jtag_cable_name =~ "Digilent Zed 210248781021"} -index 0
loadhw -hw C:/Projects/EmbeddedVision/hw_export/system.hdf -mem-ranges [list {0x40000000 0xbfffffff}]
configparams force-mem-access 1
targets -set -nocase -filter {name =~"APU*" && jtag_cable_name =~ "Digilent Zed 210248781021"} -index 0
stop
ps7_init
----------------End of Script----------------

10:13:35 ERROR : (XSDB Server)Memory write error at 0x500000. AHB AP transaction error, DAP status f0000021

10:13:40 INFO  : Connected to target on host '127.0.0.1' and port '3121'.
10:13:40 INFO  : 'targets -set -filter {jtag_cable_name =~ "Digilent Zed 210248781021" && level==0} -index 1' command is executed.
10:13:44 ERROR : fpga configuration failed. DONE PIN is not HIGH
10:13:58 INFO  : Connected to target on host '127.0.0.1' and port '3121'.
10:13:58 INFO  : 'targets -set -filter {jtag_cable_name =~ "Digilent Zed 210248781021" && level==0} -index 1' command is executed.
10:14:00 INFO  : FPGA configured successfully with bitstream "C:/Projects/EmbeddedVision/hw_export/top.bit"
10:14:05 INFO  : 'targets -set -filter {jtag_cable_name =~ "Digilent Zed 210248781021" && level==0} -index 1' command is executed.
10:14:05 INFO  : 'fpga -state' command is executed.
10:14:05 INFO  : Connected to target on host '127.0.0.1' and port '3121'.
10:14:05 INFO  : Jtag cable 'Digilent Zed 210248781021' is selected.
10:14:05 INFO  : 'jtag frequency' command is executed.
10:14:05 INFO  : Sourcing of 'C:/Projects/EmbeddedVision/hw_export/ps7_init.tcl' is done.
10:14:05 INFO  : Context for 'APU' is selected.
10:14:05 INFO  : Hardware design information is loaded from 'C:/Projects/EmbeddedVision/hw_export/system.hdf'.
10:14:05 INFO  : 'configparams force-mem-access 1' command is executed.
10:14:05 INFO  : Context for 'APU' is selected.
10:14:05 INFO  : 'stop' command is executed.
10:14:06 INFO  : 'ps7_init' command is executed.
10:14:06 INFO  : 'ps7_post_config' command is executed.
10:14:06 INFO  : Context for processor 'ps7_cortexa9_0' is selected.
10:14:06 INFO  : Processor reset is completed for 'ps7_cortexa9_0'.
10:14:06 INFO  : Context for processor 'ps7_cortexa9_0' is selected.
10:14:06 INFO  : The application 'C:/Projects/EmbeddedVision/SDK/img_processing/Debug/img_processing.elf' is downloaded to processor 'ps7_cortexa9_0'.
10:14:06 INFO  : 'configparams force-mem-access 0' command is executed.
10:14:06 INFO  : ----------------XSDB Script----------------
connect -url tcp:127.0.0.1:3121
source C:/Projects/EmbeddedVision/hw_export/ps7_init.tcl
targets -set -nocase -filter {name =~"APU*" && jtag_cable_name =~ "Digilent Zed 210248781021"} -index 0
loadhw -hw C:/Projects/EmbeddedVision/hw_export/system.hdf -mem-ranges [list {0x40000000 0xbfffffff}]
configparams force-mem-access 1
targets -set -nocase -filter {name =~"APU*" && jtag_cable_name =~ "Digilent Zed 210248781021"} -index 0
stop
ps7_init
ps7_post_config
targets -set -nocase -filter {name =~ "ARM*#0" && jtag_cable_name =~ "Digilent Zed 210248781021"} -index 0
rst -processor
targets -set -nocase -filter {name =~ "ARM*#0" && jtag_cable_name =~ "Digilent Zed 210248781021"} -index 0
dow C:/Projects/EmbeddedVision/SDK/img_processing/Debug/img_processing.elf
configparams force-mem-access 0
----------------End of Script----------------

10:14:06 INFO  : Memory regions updated for context APU
10:14:06 INFO  : Context for processor 'ps7_cortexa9_0' is selected.
10:14:06 INFO  : 'con' command is executed.
10:14:06 INFO  : ----------------XSDB Script (After Launch)----------------
targets -set -nocase -filter {name =~ "ARM*#0" && jtag_cable_name =~ "Digilent Zed 210248781021"} -index 0
con
----------------End of Script----------------

10:14:06 INFO  : Launch script is exported to file 'C:\Projects\EmbeddedVision\SDK\.sdk\launch_scripts\xilinx_c-c++_application_(system_debugger)\system_debugger_using_debug_img_processing.elf_on_local.tcl'
10:28:26 INFO  : Disconnected from the channel tcfchan#17.
10:28:28 INFO  : 'targets -set -filter {jtag_cable_name =~ "Digilent Zed 210248781021" && level==0} -index 1' command is executed.
10:28:28 INFO  : 'fpga -state' command is executed.
10:28:28 INFO  : Connected to target on host '127.0.0.1' and port '3121'.
10:28:28 INFO  : Jtag cable 'Digilent Zed 210248781021' is selected.
10:28:28 INFO  : 'jtag frequency' command is executed.
10:28:28 INFO  : Sourcing of 'C:/Projects/EmbeddedVision/hw_export/ps7_init.tcl' is done.
10:28:28 INFO  : Context for 'APU' is selected.
10:28:28 INFO  : Hardware design information is loaded from 'C:/Projects/EmbeddedVision/hw_export/system.hdf'.
10:28:28 INFO  : 'configparams force-mem-access 1' command is executed.
10:28:28 INFO  : Context for 'APU' is selected.
10:28:28 INFO  : 'stop' command is executed.
10:28:28 INFO  : 'ps7_init' command is executed.
10:28:28 INFO  : 'ps7_post_config' command is executed.
10:28:28 INFO  : Context for processor 'ps7_cortexa9_0' is selected.
10:28:28 INFO  : Processor reset is completed for 'ps7_cortexa9_0'.
10:28:28 INFO  : Context for processor 'ps7_cortexa9_0' is selected.
10:28:29 INFO  : The application 'C:/Projects/EmbeddedVision/SDK/img_processing/Debug/img_processing.elf' is downloaded to processor 'ps7_cortexa9_0'.
10:28:29 INFO  : 'configparams force-mem-access 0' command is executed.
10:28:29 INFO  : ----------------XSDB Script----------------
connect -url tcp:127.0.0.1:3121
source C:/Projects/EmbeddedVision/hw_export/ps7_init.tcl
targets -set -nocase -filter {name =~"APU*" && jtag_cable_name =~ "Digilent Zed 210248781021"} -index 0
loadhw -hw C:/Projects/EmbeddedVision/hw_export/system.hdf -mem-ranges [list {0x40000000 0xbfffffff}]
configparams force-mem-access 1
targets -set -nocase -filter {name =~"APU*" && jtag_cable_name =~ "Digilent Zed 210248781021"} -index 0
stop
ps7_init
ps7_post_config
targets -set -nocase -filter {name =~ "ARM*#0" && jtag_cable_name =~ "Digilent Zed 210248781021"} -index 0
rst -processor
targets -set -nocase -filter {name =~ "ARM*#0" && jtag_cable_name =~ "Digilent Zed 210248781021"} -index 0
dow C:/Projects/EmbeddedVision/SDK/img_processing/Debug/img_processing.elf
configparams force-mem-access 0
----------------End of Script----------------

10:28:29 INFO  : Memory regions updated for context APU
10:28:29 INFO  : Context for processor 'ps7_cortexa9_0' is selected.
10:28:29 INFO  : 'con' command is executed.
10:28:29 INFO  : ----------------XSDB Script (After Launch)----------------
targets -set -nocase -filter {name =~ "ARM*#0" && jtag_cable_name =~ "Digilent Zed 210248781021"} -index 0
con
----------------End of Script----------------

10:28:29 INFO  : Launch script is exported to file 'C:\Projects\EmbeddedVision\SDK\.sdk\launch_scripts\xilinx_c-c++_application_(system_debugger)\system_debugger_using_debug_img_processing.elf_on_local.tcl'
